<?xml version="1.0" encoding="UTF-8"?>
<!-- Generated by org.testng.reporters.JUnitReportReporter -->
<testsuite hostname="Lenovo-PC" failures="0" tests="3" name="com.saucedemo.SauceDemo" time="27.713" errors="0" timestamp="2024-01-06T12:15:39 IST" skipped="0">
  <testcase classname="com.saucedemo.SauceDemo" name="CSelectItem" time="0.569"/>
  <system-out/>
  <testcase classname="com.saucedemo.SauceDemo" name="ALaunchWebsite" time="25.956"/>
  <system-out/>
  <testcase classname="com.saucedemo.SauceDemo" name="BUserlogin" time="1.188"/>
  <system-out/>
</testsuite> <!-- com.saucedemo.SauceDemo -->
